[2021-04-27 04:22:08] __rvm_make
__rvm_make () 
{ 
    \make "$@" || return $?
}
current path: /home/coder/.rvm/src/ruby-3.0.0
PATH=/usr/local/sbin:/usr/local/bin:/usr/sbin:/usr/bin:/sbin:/bin:/home/coder/.rvm/bin
command(2): __rvm_make -j8
++ /scripts/functions/support : __rvm_make()  383 > make -j8
	BASERUBY = echo executable host ruby is required.  use --with-baseruby option.; false
	CC = gcc
	LD = ld
	LDSHARED = gcc -shared
	CFLAGS = -O3 -ggdb3 -Wall -Wextra -Wdeprecated-declarations -Wduplicated-cond -Wimplicit-function-declaration -Wimplicit-int -Wmisleading-indentation -Wpointer-arith -Wwrite-strings -Wimplicit-fallthrough=0 -Wmissing-noreturn -Wno-cast-function-type -Wno-constant-logical-operand -Wno-long-long -Wno-missing-field-initializers -Wno-overlength-strings -Wno-packed-bitfield-compat -Wno-parentheses-equality -Wno-self-assign -Wno-tautological-compare -Wno-unused-parameter -Wno-unused-value -Wsuggest-attribute=format -Wsuggest-attribute=noreturn -Wunused-variable -std=gnu99  -fPIC 
	XCFLAGS = -D_FORTIFY_SOURCE=2 -fstack-protector-strong -fno-strict-overflow -fvisibility=hidden -fexcess-precision=standard -DRUBY_EXPORT -I. -I.ext/include/x86_64-linux -I./include -I. -I./enc/unicode/12.1.0
	CPPFLAGS =   
	DLDFLAGS = -Wl,--compress-debug-sections=zlib -Wl,-soname,libruby.so.3.0  -fstack-protector-strong  
	SOLIBS = -lz -lpthread -lrt -lrt -lgmp -ldl -lcrypt -lm 
	LANG = en_US.UTF-8
	LC_ALL = 
	LC_CTYPE = 
	MFLAGS = -j8 --jobserver-auth=4,5
gcc (Debian 8.3.0-6) 8.3.0
Copyright (C) 2018 Free Software Foundation, Inc.
This is free software; see the source for copying conditions.  There is NO
warranty; not even for MERCHANTABILITY or FITNESS FOR A PARTICULAR PURPOSE.

compiling ./main.c
compiling dmydln.c
compiling miniinit.c
compiling dmyext.c
making dummy probes.h
compiling ast.c
compiling bignum.c
compiling class.c
compiling compar.c
compiling compile.c
compiling complex.c
compiling cont.c
compiling debug.c
compiling debug_counter.c
compiling dir.c
compiling dln_find.c
compiling encoding.c
compiling enum.c
compiling enumerator.c
compiling error.c
compiling eval.c
compiling file.c
compiling gc.c
compiling hash.c
compiling inits.c
compiling io.c
compiling iseq.c
compiling load.c
compiling marshal.c
compiling math.c
compiling memory_view.c
making mjit_config.h
compiling mjit_compile.c
compiling node.c
compiling numeric.c
compiling object.c
compiling pack.c
compiling parse.c
compiling proc.c
compiling process.c
compiling ractor.c
compiling random.c
compiling range.c
compiling rational.c
compiling re.c
compiling regcomp.c
compiling regenc.c
compiling regerror.c
compiling regexec.c
compiling regparse.c
compiling regsyntax.c
compiling ruby.c
compiling scheduler.c
compiling signal.c
compiling sprintf.c
compiling st.c
compiling strftime.c
compiling string.c
compiling struct.c
compiling symbol.c
compiling thread.c
compiling time.c
compiling transcode.c
compiling transient_heap.c
compiling util.c
compiling variable.c
compiling vm.c
compiling vm_backtrace.c
compiling vm_dump.c
compiling vm_sync.c
compiling vm_trace.c
compiling ./missing/setproctitle.c
compiling ./missing/strlcat.c
compiling ./missing/strlcpy.c
compiling addr2line.c
compiling dmyenc.c
compiling dln.c
compiling localeinit.c
compiling array.c
compiling mjit.c
./revision.h unchanged
assembling coroutine/amd64/Context.S
config.status: creating ruby-runner.h
compiling enc/ascii.c
compiling enc/us_ascii.c
compiling enc/unicode.c
compiling enc/utf_8.c
compiling enc/trans/newline.c
compiling version.c
linking miniruby
generating encdb.h
generating x86_64-linux-fake.rb
encdb.h updated
builtin_binary.inc updated
compiling builtin.c
x86_64-linux-fake.rb updated
./tool/ifchange "--timestamp=.rbconfig.time" rbconfig.rb rbconfig.tmp
rbconfig.rb updated
generating enc.mk
creating verconf.h
building rb_mjit_header.h
./miniruby -I./lib -I. -I.ext/common  ./tool/mjit_tabs.rb "" \
	gcc -E -DMJIT_HEADER -P -dD -O3 -ggdb3 -Wall -Wextra -Wdeprecated-declarations -Wduplicated-cond -Wimplicit-function-declaration -Wimplicit-int -Wmisleading-indentation -Wpointer-arith -Wwrite-strings -Wimplicit-fallthrough=0 -Wmissing-noreturn -Wno-cast-function-type -Wno-constant-logical-operand -Wno-long-long -Wno-missing-field-initializers -Wno-overlength-strings -Wno-packed-bitfield-compat -Wno-parentheses-equality -Wno-self-assign -Wno-tautological-compare -Wno-unused-parameter -Wno-unused-value -Wsuggest-attribute=format -Wsuggest-attribute=noreturn -Wunused-variable -std=gnu99  -fPIC  -D_FORTIFY_SOURCE=2 -fstack-protector-strong -fno-strict-overflow -fvisibility=hidden -fexcess-precision=standard -DRUBY_EXPORT -I. -I.ext/include/x86_64-linux -I./include -I. -I./enc/unicode/12.1.0    ./vm.c -o rb_mjit_header.h.new
verconf.h updated
compiling loadpath.c
rb_mjit_header.h updated
building .ext/include/x86_64-linux/rb_mjit_min_header-3.0.0.h
./miniruby -I./lib -I. -I.ext/common  ./tool/transform_mjit_header.rb "gcc  -O3 -ggdb3 -Wall -Wextra -Wdeprecated-declarations -Wduplicated-cond -Wimplicit-function-declaration -Wimplicit-int -Wmisleading-indentation -Wpointer-arith -Wwrite-strings -Wimplicit-fallthrough=0 -Wmissing-noreturn -Wno-cast-function-type -Wno-constant-logical-operand -Wno-long-long -Wno-missing-field-initializers -Wno-overlength-strings -Wno-packed-bitfield-compat -Wno-parentheses-equality -Wno-self-assign -Wno-tautological-compare -Wno-unused-parameter -Wno-unused-value -Wsuggest-attribute=format -Wsuggest-attribute=noreturn -Wunused-variable -std=gnu99  -fPIC " rb_mjit_header.h .ext/include/x86_64-linux/rb_mjit_min_header-3.0.0.h
linking static-library libruby-static.a
making srcs under enc
make[1]: Entering directory '/home/coder/.rvm/src/ruby-3.0.0'
make[1]: Nothing to be done for 'srcs'.
make[1]: Leaving directory '/home/coder/.rvm/src/ruby-3.0.0'
generating transdb.h
transdb.h updated
linking shared-library libruby.so.3.0.0
transform_mjit_header: making external definition static inline: rb_vm_lvar_exposed, Init_vm_stack_canary, rb_vm_opt_cfunc_p, rb_find_defined_class_by_owner, rb_vm_rewrite_cref, rb_vm_block_ep_update, rb_vm_cref_new_toplevel, rb_vm_frame_block_handler, rb_vm_cframe_keyword_p, rb_vm_ep_local_ep
transform_mjit_header: making declaration static inline: rb_vm_lvar_exposed, Init_vm_stack_canary, rb_vm_rewrite_cref, rb_vm_frame_block_handler, rb_vm_block_ep_update, rb_vm_ep_local_ep
transform_mjit_header: SKIPPED to transform: getlogin_r, pread64, pread, read, bsearch, fread_unlocked, fgets_unlocked, fread, fgets, vdprintf, dprintf, vfprintf, vprintf, printf, fprintf, getline, putchar_unlocked, putc_unlocked, fputc_unlocked, putchar, getchar_unlocked, getc_unlocked, fgetc_unlocked, getchar
ln -sf ../../../.ext/include/x86_64-linux/rb_mjit_min_header-3.0.0.h include/ruby-3.0.0/x86_64-linux/rb_mjit_min_header-3.0.0.h
making mjit_build_dir.so
generating makefiles ext/configure-ext.mk
making enc
making trans
linking ruby
make[1]: Entering directory '/home/coder/.rvm/src/ruby-3.0.0'
compiling ./enc/trans/transdb.c
make[1]: Entering directory '/home/coder/.rvm/src/ruby-3.0.0'
compiling ./enc/encdb.c
compiling ./enc/big5.c
compiling ./enc/cesu_8.c
compiling ./enc/cp949.c
compiling ./enc/trans/big5.c
ext/configure-ext.mk updated
compiling ./enc/emacs_mule.c
make[1]: Entering directory '/home/coder/.rvm/src/ruby-3.0.0'
compiling ./enc/trans/cesu_8.c
configuring -test-/RUBY_ALIGNOF
compiling ./enc/euc_jp.c
compiling ./enc/euc_kr.c
compiling ./enc/euc_tw.c
compiling ./enc/gb2312.c
compiling ./enc/trans/chinese.c
compiling ./enc/gb18030.c
compiling ./enc/gbk.c
compiling ./enc/iso_8859_1.c
compiling ./enc/iso_8859_2.c
configuring -test-/arith_seq/extract
configuring -test-/array/resize
configuring -test-/bignum
configuring -test-/bug-14834
configuring -test-/bug-3571
configuring -test-/bug-5832
configuring -test-/bug_reporter
configuring -test-/class
configuring -test-/cxxanyargs
compiling ./enc/iso_8859_3.c
compiling ./enc/iso_8859_4.c
compiling ./enc/iso_8859_5.c
compiling ./enc/iso_8859_6.c
compiling ./enc/iso_8859_7.c
configuring -test-/debug
configuring -test-/dln/empty
configuring -test-/enumerator_kw
configuring -test-/exception
configuring -test-/fatal
configuring -test-/file
compiling ./enc/iso_8859_8.c
compiling ./enc/iso_8859_9.c
compiling ./enc/iso_8859_10.c
compiling ./enc/iso_8859_11.c
compiling ./enc/iso_8859_13.c
compiling ./enc/iso_8859_14.c
compiling ./enc/trans/ebcdic.c
compiling ./enc/iso_8859_15.c
compiling ./enc/iso_8859_16.c
compiling ./enc/koi8_r.c
compiling ./enc/koi8_u.c
compiling ./enc/shift_jis.c
compiling ./enc/trans/emoji.c
compiling ./enc/utf_16be.c
compiling ./enc/utf_16le.c
compiling ./enc/utf_32be.c
compiling ./enc/utf_32le.c
compiling ./enc/windows_31j.c
compiling ./enc/windows_1250.c
compiling ./enc/trans/emoji_iso2022_kddi.c
compiling ./enc/windows_1251.c
compiling ./enc/trans/emoji_sjis_docomo.c
compiling ./enc/windows_1252.c
compiling ./enc/windows_1253.c
compiling ./enc/windows_1254.c
compiling ./enc/windows_1257.c
linking encoding encdb.so
linking encoding big5.so
linking encoding cesu_8.so
linking encoding cp949.so
linking encoding emacs_mule.so
linking encoding euc_jp.so
linking encoding euc_kr.so
linking encoding euc_tw.so
linking encoding gb2312.so
linking encoding gb18030.so
linking encoding gbk.so
linking encoding iso_8859_1.so
linking encoding iso_8859_2.so
linking encoding iso_8859_3.so
linking encoding iso_8859_4.so
linking encoding iso_8859_5.so
linking encoding iso_8859_6.so
linking encoding iso_8859_7.so
linking encoding iso_8859_8.so
linking encoding iso_8859_9.so
linking encoding iso_8859_10.so
compiling ./enc/trans/emoji_sjis_kddi.c
compiling ./enc/trans/emoji_sjis_softbank.c
compiling ./enc/trans/escape.c
compiling ./enc/trans/gb18030.c
compiling ./enc/trans/gbk.c
linking encoding iso_8859_11.so
linking encoding iso_8859_13.so
linking encoding iso_8859_14.so
linking encoding iso_8859_15.so
linking encoding iso_8859_16.so
compiling ./enc/trans/iso2022.c
linking encoding koi8_r.so
compiling ./enc/trans/japanese.c
linking encoding koi8_u.so
configuring -test-/float
configuring -test-/funcall
configuring -test-/gvl/call_without_gvl
configuring -test-/hash
configuring -test-/integer
configuring -test-/iseq_load
configuring -test-/iter
configuring -test-/load/dot.dot
configuring -test-/load/protect
configuring -test-/marshal/compat
configuring -test-/marshal/internal_ivar
configuring -test-/marshal/usr
compiling ./enc/trans/japanese_euc.c
configuring -test-/memory_status
configuring -test-/memory_view
configuring -test-/method
configuring -test-/notimplement
configuring -test-/num2int
configuring -test-/path_to_class
configuring -test-/popen_deadlock
configuring -test-/postponed_job
linking encoding shift_jis.so
configuring -test-/printf
configuring -test-/proc
configuring -test-/random
compiling ./enc/trans/japanese_sjis.c
configuring -test-/rational
configuring -test-/rb_call_super_kw
configuring -test-/recursion
configuring -test-/regexp
configuring -test-/scan_args
configuring -test-/st/foreach
configuring -test-/st/numhash
configuring -test-/st/update
linking encoding utf_16be.so
configuring -test-/string
compiling ./enc/trans/korean.c
configuring -test-/struct
configuring -test-/symbol
linking encoding utf_16le.so
compiling ./enc/trans/single_byte.c
linking encoding utf_32be.so
linking encoding utf_32le.so
compiling ./enc/trans/utf8_mac.c
linking encoding windows_31j.so
linking encoding windows_1250.so
linking encoding windows_1251.so
linking encoding windows_1252.so
configuring -test-/thread_fd_close
configuring -test-/time
linking encoding windows_1253.so
configuring -test-/tracepoint
configuring -test-/typeddata
configuring -test-/vm
configuring -test-/wait_for_single_fd
linking encoding windows_1254.so
linking encoding windows_1257.so
compiling ./enc/trans/utf_16_32.c
make[1]: Leaving directory '/home/coder/.rvm/src/ruby-3.0.0'
linking transcoder transdb.so
linking transcoder big5.so
configuring bigdecimal
linking transcoder cesu_8.so
linking transcoder chinese.so
linking transcoder ebcdic.so
linking transcoder emoji.so
linking transcoder emoji_iso2022_kddi.so
linking transcoder emoji_sjis_docomo.so
linking transcoder emoji_sjis_kddi.so
linking transcoder emoji_sjis_softbank.so
linking transcoder escape.so
linking transcoder gb18030.so
linking transcoder gbk.so
linking transcoder iso2022.so
linking transcoder japanese.so
linking transcoder japanese_sjis.so
linking transcoder single_byte.so
linking transcoder utf_16_32.so
configuring cgi/escape
configuring coverage
configuring dbm
configuring date
configuring continuation
configuring digest
configuring etc
configuring digest/bubblebabble
configuring digest/md5
linking transcoder korean.so
linking transcoder japanese_euc.so
configuring fcntl
configuring fiber
configuring fiddle
configuring digest/rmd160
configuring gdbm
linking transcoder utf8_mac.so
configuring digest/sha1
configuring digest/sha2
make[1]: Leaving directory '/home/coder/.rvm/src/ruby-3.0.0'
making encs
configuring io/console
make[1]: Entering directory '/home/coder/.rvm/src/ruby-3.0.0'
make[1]: Nothing to be done for 'encs'.
make[1]: Leaving directory '/home/coder/.rvm/src/ruby-3.0.0'
configuring json
configuring json/generator
configuring json/parser
configuring monitor
configuring nkf
configuring objspace
configuring openssl
libffi_version: 3.2.1
configuring pathname
configuring psych
configuring pty
configuring racc/cparse
configuring rbconfig/sizeof
configuring readline
configuring io/nonblock
configuring ripper
configuring rubyvm
configuring socket
configuring io/wait
configuring stringio
configuring strscan
configuring syslog
configuring zlib
make[1]: Leaving directory '/home/coder/.rvm/src/ruby-3.0.0'
generating makefile exts.mk
exts.mk updated
make[1]: Entering directory '/home/coder/.rvm/src/ruby-3.0.0'
make[2]: Entering directory '/home/coder/.rvm/src/ruby-3.0.0/ext/-test-/RUBY_ALIGNOF'
make[2]: Entering directory '/home/coder/.rvm/src/ruby-3.0.0/ext/-test-/array/resize'
make[2]: Entering directory '/home/coder/.rvm/src/ruby-3.0.0/ext/-test-/arith_seq/extract'
compiling c.c
make[2]: Entering directory '/home/coder/.rvm/src/ruby-3.0.0/ext/-test-/bug-14834'
make[2]: Entering directory '/home/coder/.rvm/src/ruby-3.0.0/ext/-test-/bug-3571'
compiling extract.c
compiling resize.c
make[2]: Entering directory '/home/coder/.rvm/src/ruby-3.0.0/ext/-test-/bug-5832'
compiling bug.c
compiling bug-14384.c
make[2]: Entering directory '/home/coder/.rvm/src/ruby-3.0.0/ext/-test-/bug_reporter'
compiling bug.c
compiling bug_reporter.c
make[2]: Entering directory '/home/coder/.rvm/src/ruby-3.0.0/ext/-test-/bignum'
compiling big2str.c
compiling cpp.cpp
linking shared-object -test-/bug_5832.so
linking shared-object -test-/arith_seq/extract.so
linking shared-object -test-/bug_3571.so
linking shared-object -test-/array/resize.so
linking shared-object -test-/bug_reporter.so
linking shared-object -test-/bug_14834.so
compiling bigzero.c
make[2]: Leaving directory '/home/coder/.rvm/src/ruby-3.0.0/ext/-test-/bug-5832'
make[2]: Leaving directory '/home/coder/.rvm/src/ruby-3.0.0/ext/-test-/arith_seq/extract'
make[2]: Entering directory '/home/coder/.rvm/src/ruby-3.0.0/ext/-test-/cxxanyargs'
compiling cxxanyargs.cpp
make[2]: Leaving directory '/home/coder/.rvm/src/ruby-3.0.0/ext/-test-/bug-3571'
make[2]: Leaving directory '/home/coder/.rvm/src/ruby-3.0.0/ext/-test-/array/resize'
make[2]: Entering directory '/home/coder/.rvm/src/ruby-3.0.0/ext/-test-/class'
make[2]: Entering directory '/home/coder/.rvm/src/ruby-3.0.0/ext/-test-/dln/empty'
compiling class2name.c
compiling empty.c
make[2]: Leaving directory '/home/coder/.rvm/src/ruby-3.0.0/ext/-test-/bug_reporter'
make[2]: Entering directory '/home/coder/.rvm/src/ruby-3.0.0/ext/-test-/debug'
compiling init.c
compiling div.c
make[2]: Leaving directory '/home/coder/.rvm/src/ruby-3.0.0/ext/-test-/bug-14834'
compiling init.c
linking shared-object -test-/dln/empty.so
linking shared-object -test-/RUBY_ALIGNOF.so
make[2]: Leaving directory '/home/coder/.rvm/src/ruby-3.0.0/ext/-test-/dln/empty'
compiling inspector.c
make[2]: Leaving directory '/home/coder/.rvm/src/ruby-3.0.0/ext/-test-/RUBY_ALIGNOF'
make[2]: Entering directory '/home/coder/.rvm/src/ruby-3.0.0/ext/-test-/enumerator_kw'
compiling enumerator_kw.c
compiling profile_frames.c
linking shared-object -test-/class.so
compiling init.c
compiling intpack.c
make[2]: Leaving directory '/home/coder/.rvm/src/ruby-3.0.0/ext/-test-/class'
make[2]: Entering directory '/home/coder/.rvm/src/ruby-3.0.0/ext/-test-/exception'
compiling dataerror.c
compiling enc_raise.c
linking shared-object -test-/debug.so
linking shared-object -test-/cxxanyargs.so
make[2]: Entering directory '/home/coder/.rvm/src/ruby-3.0.0/ext/-test-/fatal'
compiling rb_fatal.c
linking shared-object -test-/enumerator_kw.so
make[2]: Leaving directory '/home/coder/.rvm/src/ruby-3.0.0/ext/-test-/debug'
make[2]: Entering directory '/home/coder/.rvm/src/ruby-3.0.0/ext/-test-/file'
compiling fs.c
compiling mul.c
make[2]: Leaving directory '/home/coder/.rvm/src/ruby-3.0.0/ext/-test-/enumerator_kw'
make[2]: Leaving directory '/home/coder/.rvm/src/ruby-3.0.0/ext/-test-/cxxanyargs'
compiling init.c
compiling ensured.c
make[2]: Entering directory '/home/coder/.rvm/src/ruby-3.0.0/ext/-test-/float'
compiling init.c
compiling init.c
compiling str2big.c
linking shared-object -test-/fatal/rb_fatal.so
compiling stat.c
compiling nextafter.c
make[2]: Leaving directory '/home/coder/.rvm/src/ruby-3.0.0/ext/-test-/fatal'
make[2]: Entering directory '/home/coder/.rvm/src/ruby-3.0.0/ext/-test-/funcall'
compiling funcall.c
make[2]: Entering directory '/home/coder/.rvm/src/ruby-3.0.0/ext/-test-/gvl/call_without_gvl'
compiling call_without_gvl.c
linking shared-object -test-/exception.so
make[2]: Entering directory '/home/coder/.rvm/src/ruby-3.0.0/ext/-test-/hash'
compiling delete.c
compiling init.c
make[2]: Leaving directory '/home/coder/.rvm/src/ruby-3.0.0/ext/-test-/exception'
linking shared-object -test-/bignum.so
make[2]: Entering directory '/home/coder/.rvm/src/ruby-3.0.0/ext/-test-/integer'
compiling core_ext.c
linking shared-object -test-/float.so
linking shared-object -test-/file.so
linking shared-object -test-/funcall.so
linking shared-object -test-/gvl/call_without_gvl.so
compiling init.c
linking shared-object -test-/hash.so
make[2]: Leaving directory '/home/coder/.rvm/src/ruby-3.0.0/ext/-test-/bignum'
make[2]: Entering directory '/home/coder/.rvm/src/ruby-3.0.0/ext/-test-/iseq_load'
make[2]: Leaving directory '/home/coder/.rvm/src/ruby-3.0.0/ext/-test-/funcall'
make[2]: Leaving directory '/home/coder/.rvm/src/ruby-3.0.0/ext/-test-/float'
compiling iseq_load.c
make[2]: Leaving directory '/home/coder/.rvm/src/ruby-3.0.0/ext/-test-/gvl/call_without_gvl'
make[2]: Entering directory '/home/coder/.rvm/src/ruby-3.0.0/ext/-test-/load/dot.dot'
compiling dot.dot.c
compiling my_integer.c
make[2]: Entering directory '/home/coder/.rvm/src/ruby-3.0.0/ext/-test-/iter'
compiling break.c
make[2]: Leaving directory '/home/coder/.rvm/src/ruby-3.0.0/ext/-test-/file'
make[2]: Entering directory '/home/coder/.rvm/src/ruby-3.0.0/ext/-test-/load/protect'
compiling protect.c
make[2]: Leaving directory '/home/coder/.rvm/src/ruby-3.0.0/ext/-test-/hash'
linking shared-object -test-/load/dot.dot.so
make[2]: Entering directory '/home/coder/.rvm/src/ruby-3.0.0/ext/-test-/marshal/compat'
compiling usrcompat.c
make[2]: Leaving directory '/home/coder/.rvm/src/ruby-3.0.0/ext/-test-/load/dot.dot'
make[2]: Entering directory '/home/coder/.rvm/src/ruby-3.0.0/ext/-test-/marshal/internal_ivar'
compiling internal_ivar.c
make[2]: Entering directory '/home/coder/.rvm/src/ruby-3.0.0/ext/-test-/marshal/usr'
compiling usrmarshal.c
compiling init.c
make[2]: Entering directory '/home/coder/.rvm/src/ruby-3.0.0/ext/-test-/memory_view'
compiling memory_view.c
linking shared-object -test-/iseq_load.so
linking shared-object -test-/load/protect.so
linking shared-object -test-/marshal/compat.so
linking shared-object -test-/marshal/internal_ivar.so
make[2]: Leaving directory '/home/coder/.rvm/src/ruby-3.0.0/ext/-test-/iseq_load'
make[2]: Entering directory '/home/coder/.rvm/src/ruby-3.0.0/ext/-test-/method'
compiling arity.c
make[2]: Leaving directory '/home/coder/.rvm/src/ruby-3.0.0/ext/-test-/load/protect'
make[2]: Entering directory '/home/coder/.rvm/src/ruby-3.0.0/ext/-test-/notimplement'
compiling bug.c
linking shared-object -test-/marshal/usr.so
make[2]: Leaving directory '/home/coder/.rvm/src/ruby-3.0.0/ext/-test-/marshal/compat'
make[2]: Leaving directory '/home/coder/.rvm/src/ruby-3.0.0/ext/-test-/marshal/internal_ivar'
compiling yield.c
make[2]: Entering directory '/home/coder/.rvm/src/ruby-3.0.0/ext/-test-/num2int'
compiling num2int.c
make[2]: Entering directory '/home/coder/.rvm/src/ruby-3.0.0/ext/-test-/path_to_class'
compiling path_to_class.c
make[2]: Leaving directory '/home/coder/.rvm/src/ruby-3.0.0/ext/-test-/marshal/usr'
compiling init.c
linking shared-object -test-/integer.so
make[2]: Entering directory '/home/coder/.rvm/src/ruby-3.0.0/ext/-test-/popen_deadlock'
compiling infinite_loop_dlsym.c
linking shared-object -test-/iter.so
linking shared-object -test-/notimplement.so
make[2]: Leaving directory '/home/coder/.rvm/src/ruby-3.0.0/ext/-test-/integer'
linking shared-object -test-/path_to_class.so
make[2]: Entering directory '/home/coder/.rvm/src/ruby-3.0.0/ext/-test-/postponed_job'
compiling postponed_job.c
make[2]: Leaving directory '/home/coder/.rvm/src/ruby-3.0.0/ext/-test-/notimplement'
make[2]: Leaving directory '/home/coder/.rvm/src/ruby-3.0.0/ext/-test-/iter'
make[2]: Entering directory '/home/coder/.rvm/src/ruby-3.0.0/ext/-test-/printf'
compiling printf.c
make[2]: Entering directory '/home/coder/.rvm/src/ruby-3.0.0/ext/-test-/proc'
compiling init.c
linking shared-object -test-/num2int.so
make[2]: Leaving directory '/home/coder/.rvm/src/ruby-3.0.0/ext/-test-/path_to_class'
make[2]: Entering directory '/home/coder/.rvm/src/ruby-3.0.0/ext/-test-/random'
compiling init.c
linking shared-object -test-/method.so
linking shared-object -test-/memory_view.so
linking shared-object -test-/popen_deadlock/infinite_loop_dlsym.so
make[2]: Leaving directory '/home/coder/.rvm/src/ruby-3.0.0/ext/-test-/num2int'
make[2]: Entering directory '/home/coder/.rvm/src/ruby-3.0.0/ext/-test-/rational'
compiling rat.c
make[2]: Leaving directory '/home/coder/.rvm/src/ruby-3.0.0/ext/-test-/method'
compiling receiver.c
make[2]: Leaving directory '/home/coder/.rvm/src/ruby-3.0.0/ext/-test-/memory_view'
compiling super.c
make[2]: Leaving directory '/home/coder/.rvm/src/ruby-3.0.0/ext/-test-/popen_deadlock'
make[2]: Entering directory '/home/coder/.rvm/src/ruby-3.0.0/ext/-test-/rb_call_super_kw'
compiling rb_call_super_kw.c
linking shared-object -test-/postponed_job.so
make[2]: Entering directory '/home/coder/.rvm/src/ruby-3.0.0/ext/-test-/recursion'
compiling recursion.c
compiling loop.c
make[2]: Leaving directory '/home/coder/.rvm/src/ruby-3.0.0/ext/-test-/postponed_job'
make[2]: Entering directory '/home/coder/.rvm/src/ruby-3.0.0/ext/-test-/regexp'
compiling init.c
compiling parse_depth_limit.c
linking shared-object -test-/rb_call_super_kw.so
linking shared-object -test-/proc.so
linking shared-object -test-/printf.so
linking shared-object -test-/recursion.so
make[2]: Leaving directory '/home/coder/.rvm/src/ruby-3.0.0/ext/-test-/rb_call_super_kw'
make[2]: Leaving directory '/home/coder/.rvm/src/ruby-3.0.0/ext/-test-/printf'
make[2]: Entering directory '/home/coder/.rvm/src/ruby-3.0.0/ext/-test-/scan_args'
compiling scan_args.c
make[2]: Leaving directory '/home/coder/.rvm/src/ruby-3.0.0/ext/-test-/proc'
make[2]: Entering directory '/home/coder/.rvm/src/ruby-3.0.0/ext/-test-/st/foreach'
compiling foreach.c
linking shared-object -test-/random.so
make[2]: Entering directory '/home/coder/.rvm/src/ruby-3.0.0/ext/-test-/st/numhash'
compiling numhash.c
make[2]: Leaving directory '/home/coder/.rvm/src/ruby-3.0.0/ext/-test-/recursion'
make[2]: Entering directory '/home/coder/.rvm/src/ruby-3.0.0/ext/-test-/st/update'
compiling update.c
make[2]: Leaving directory '/home/coder/.rvm/src/ruby-3.0.0/ext/-test-/random'
linking shared-object -test-/regexp.so
make[2]: Entering directory '/home/coder/.rvm/src/ruby-3.0.0/ext/-test-/string'
make[2]: Entering directory '/home/coder/.rvm/src/ruby-3.0.0/ext/-test-/struct'
compiling duplicate.c
compiling capacity.c
make[2]: Leaving directory '/home/coder/.rvm/src/ruby-3.0.0/ext/-test-/regexp'
make[2]: Entering directory '/home/coder/.rvm/src/ruby-3.0.0/ext/-test-/symbol'
compiling init.c
linking shared-object -test-/st/numhash.so
linking shared-object -test-/st/foreach.so
linking shared-object -test-/st/update.so
linking shared-object -test-/rational.so
make[2]: Leaving directory '/home/coder/.rvm/src/ruby-3.0.0/ext/-test-/st/numhash'
compiling type.c
make[2]: Leaving directory '/home/coder/.rvm/src/ruby-3.0.0/ext/-test-/st/foreach'
make[2]: Entering directory '/home/coder/.rvm/src/ruby-3.0.0/ext/-test-/thread_fd_close'
compiling thread_fd_close.c
make[2]: Entering directory '/home/coder/.rvm/src/ruby-3.0.0/ext/-test-/time'
compiling init.c
make[2]: Leaving directory '/home/coder/.rvm/src/ruby-3.0.0/ext/-test-/rational'
make[2]: Entering directory '/home/coder/.rvm/src/ruby-3.0.0/ext/-test-/tracepoint'
compiling coderange.c
compiling gc_hook.c
compiling init.c
make[2]: Leaving directory '/home/coder/.rvm/src/ruby-3.0.0/ext/-test-/st/update'
make[2]: Entering directory '/home/coder/.rvm/src/ruby-3.0.0/ext/-test-/typeddata'
compiling typeddata.c
compiling leap_second.c
linking shared-object -test-/thread_fd_close.so
linking shared-object -test-/symbol.so
compiling len.c
compiling cstr.c
make[2]: Leaving directory '/home/coder/.rvm/src/ruby-3.0.0/ext/-test-/thread_fd_close'
compiling new.c
compiling tracepoint.c
make[2]: Leaving directory '/home/coder/.rvm/src/ruby-3.0.0/ext/-test-/symbol'
make[2]: Entering directory '/home/coder/.rvm/src/ruby-3.0.0/ext/-test-/vm'
compiling at_exit.c
linking shared-object -test-/typeddata.so
make[2]: Leaving directory '/home/coder/.rvm/src/ruby-3.0.0/ext/-test-/typeddata'
linking shared-object -test-/tracepoint.so
linking shared-object -test-/vm/at_exit.so
make[2]: Entering directory '/home/coder/.rvm/src/ruby-3.0.0/ext/-test-/wait_for_single_fd'
compiling member.c
make[2]: Entering directory '/home/coder/.rvm/src/ruby-3.0.0/ext/bigdecimal'
compiling wait_for_single_fd.c
compiling bigdecimal.c
make[2]: Leaving directory '/home/coder/.rvm/src/ruby-3.0.0/ext/-test-/vm'
compiling ellipsize.c
make[2]: Leaving directory '/home/coder/.rvm/src/ruby-3.0.0/ext/-test-/tracepoint'
make[2]: Entering directory '/home/coder/.rvm/src/ruby-3.0.0/ext/cgi/escape'
compiling escape.c
linking shared-object -test-/struct.so
installing default bigdecimal libraries
compiling enc_associate.c
compiling enc_str_buf_cat.c
linking shared-object -test-/time.so
linking shared-object -test-/wait_for_single_fd.so
make[2]: Leaving directory '/home/coder/.rvm/src/ruby-3.0.0/ext/-test-/struct'
make[2]: Entering directory '/home/coder/.rvm/src/ruby-3.0.0/ext/continuation'
compiling continuation.c
make[2]: Leaving directory '/home/coder/.rvm/src/ruby-3.0.0/ext/-test-/time'
make[2]: Entering directory '/home/coder/.rvm/src/ruby-3.0.0/ext/coverage'
compiling coverage.c
make[2]: Entering directory '/home/coder/.rvm/src/ruby-3.0.0/ext/date'
compiling date_core.c
make[2]: Leaving directory '/home/coder/.rvm/src/ruby-3.0.0/ext/-test-/wait_for_single_fd'
installing default coverage libraries
make[2]: Entering directory '/home/coder/.rvm/src/ruby-3.0.0/ext/digest'
compiling digest.c
compiling fstring.c
linking shared-object cgi/escape.so
linking shared-object continuation.so
make[2]: Leaving directory '/home/coder/.rvm/src/ruby-3.0.0/ext/cgi/escape'
make[2]: Entering directory '/home/coder/.rvm/src/ruby-3.0.0/ext/etc'
compiling etc.c
make[2]: Leaving directory '/home/coder/.rvm/src/ruby-3.0.0/ext/continuation'
make[2]: Entering directory '/home/coder/.rvm/src/ruby-3.0.0/ext/fcntl'
compiling fcntl.c
linking shared-object -test-/scan_args.so
compiling init.c
make[2]: Leaving directory '/home/coder/.rvm/src/ruby-3.0.0/ext/-test-/scan_args'
installing default digest libraries
installing digest libraries
make[2]: Entering directory '/home/coder/.rvm/src/ruby-3.0.0/ext/fiber'
compiling fiber.c
linking shared-object fiber.so
linking shared-object fcntl.so
compiling modify.c
make[2]: Leaving directory '/home/coder/.rvm/src/ruby-3.0.0/ext/fiber'
make[2]: Entering directory '/home/coder/.rvm/src/ruby-3.0.0/ext/fiddle'
compiling closure.c
make[2]: Leaving directory '/home/coder/.rvm/src/ruby-3.0.0/ext/fcntl'
compiling conversions.c
linking shared-object coverage.so
make[2]: Leaving directory '/home/coder/.rvm/src/ruby-3.0.0/ext/coverage'
make[2]: Entering directory '/home/coder/.rvm/src/ruby-3.0.0/ext/gdbm'
compiling gdbm.c
linking shared-object digest.so
compiling new.c
make[2]: Leaving directory '/home/coder/.rvm/src/ruby-3.0.0/ext/digest'
make[2]: Entering directory '/home/coder/.rvm/src/ruby-3.0.0/ext/io/console'
compiling console.c
compiling nofree.c
linking shared-object etc.so
installing default console libraries
compiling fiddle.c
compiling function.c
make[2]: Leaving directory '/home/coder/.rvm/src/ruby-3.0.0/ext/etc'
make[2]: Entering directory '/home/coder/.rvm/src/ruby-3.0.0/ext/io/nonblock'
compiling nonblock.c
compiling normalize.c
compiling date_parse.c
compiling qsort.c
linking shared-object io/nonblock.so
make[2]: Leaving directory '/home/coder/.rvm/src/ruby-3.0.0/ext/io/nonblock'
make[2]: Entering directory '/home/coder/.rvm/src/ruby-3.0.0/ext/io/wait'
compiling wait.c
compiling handle.c
compiling rb_interned_str.c
linking shared-object gdbm.so
linking shared-object io/wait.so
make[2]: Leaving directory '/home/coder/.rvm/src/ruby-3.0.0/ext/gdbm'
make[2]: Entering directory '/home/coder/.rvm/src/ruby-3.0.0/ext/json'
compiling memory_view.c
make[2]: Leaving directory '/home/coder/.rvm/src/ruby-3.0.0/ext/io/wait'
linking shared-object io/console.so
make[2]: Entering directory '/home/coder/.rvm/src/ruby-3.0.0/ext/monitor'
compiling monitor.c
make[2]: Leaving directory '/home/coder/.rvm/src/ruby-3.0.0/ext/json'
compiling rb_str_dup.c
make[2]: Entering directory '/home/coder/.rvm/src/ruby-3.0.0/ext/nkf'
compiling nkf.c
make[2]: Leaving directory '/home/coder/.rvm/src/ruby-3.0.0/ext/io/console'
installing default nkf libraries
make[2]: Entering directory '/home/coder/.rvm/src/ruby-3.0.0/ext/objspace'
compiling object_tracing.c
compiling set_len.c
compiling pinned.c
installing default monitor libraries
linking shared-object monitor.so
make[2]: Leaving directory '/home/coder/.rvm/src/ruby-3.0.0/ext/monitor'
compiling objspace.c
linking shared-object -test-/string.so
compiling objspace_dump.c
compiling pointer.c
make[2]: Leaving directory '/home/coder/.rvm/src/ruby-3.0.0/ext/-test-/string'
make[2]: Entering directory '/home/coder/.rvm/src/ruby-3.0.0/ext/openssl'
compiling openssl_missing.c
compiling ossl.c
installing default objspace libraries
compiling ossl_asn1.c
linking shared-object fiddle.so
linking shared-object objspace.so
make[2]: Leaving directory '/home/coder/.rvm/src/ruby-3.0.0/ext/objspace'
make[2]: Entering directory '/home/coder/.rvm/src/ruby-3.0.0/ext/pathname'
compiling pathname.c
installing default fiddle libraries
make[2]: Leaving directory '/home/coder/.rvm/src/ruby-3.0.0/ext/fiddle'
installing default pathname libraries
make[2]: Entering directory '/home/coder/.rvm/src/ruby-3.0.0/ext/psych'
compiling psych.c
compiling ossl_bio.c
compiling psych_emitter.c
compiling ossl_bn.c
linking shared-object bigdecimal.so
make[2]: Leaving directory '/home/coder/.rvm/src/ruby-3.0.0/ext/bigdecimal'
make[2]: Entering directory '/home/coder/.rvm/src/ruby-3.0.0/ext/pty'
compiling pty.c
compiling psych_parser.c
compiling ossl_cipher.c
compiling date_strftime.c
installing default pty libraries
linking shared-object pty.so
make[2]: Leaving directory '/home/coder/.rvm/src/ruby-3.0.0/ext/pty'
make[2]: Entering directory '/home/coder/.rvm/src/ruby-3.0.0/ext/racc/cparse'
compiling cparse.c
compiling psych_to_ruby.c
linking shared-object pathname.so
compiling psych_yaml_tree.c
make[2]: Leaving directory '/home/coder/.rvm/src/ruby-3.0.0/ext/pathname'
linking shared-object nkf.so
make[2]: Entering directory '/home/coder/.rvm/src/ruby-3.0.0/ext/rbconfig/sizeof'
compiling sizes.c
linking shared-object racc/cparse.so
compiling ossl_config.c
make[2]: Leaving directory '/home/coder/.rvm/src/ruby-3.0.0/ext/nkf'
make[2]: Entering directory '/home/coder/.rvm/src/ruby-3.0.0/ext/readline'
make[2]: Leaving directory '/home/coder/.rvm/src/ruby-3.0.0/ext/racc/cparse'
compiling readline.c
compiling date_strptime.c
make[2]: Entering directory '/home/coder/.rvm/src/ruby-3.0.0/ext/ripper'
compiling ripper.c
make[2]: Entering directory '/home/coder/.rvm/src/ruby-3.0.0/ext/rubyvm'
installing default libraries
make[2]: Leaving directory '/home/coder/.rvm/src/ruby-3.0.0/ext/rubyvm'
compiling limits.c
make[2]: Entering directory '/home/coder/.rvm/src/ruby-3.0.0/ext/socket'
compiling init.c
linking shared-object psych.so
compiling ossl_digest.c
linking shared-object rbconfig/sizeof.so
make[2]: Leaving directory '/home/coder/.rvm/src/ruby-3.0.0/ext/psych'
compiling constants.c
make[2]: Leaving directory '/home/coder/.rvm/src/ruby-3.0.0/ext/rbconfig/sizeof'
make[2]: Entering directory '/home/coder/.rvm/src/ruby-3.0.0/ext/stringio'
compiling stringio.c
compiling basicsocket.c
installing default date_core libraries
compiling socket.c
compiling ossl_engine.c
linking shared-object readline.so
linking shared-object date_core.so
make[2]: Leaving directory '/home/coder/.rvm/src/ruby-3.0.0/ext/readline'
make[2]: Entering directory '/home/coder/.rvm/src/ruby-3.0.0/ext/strscan'
compiling strscan.c
make[2]: Leaving directory '/home/coder/.rvm/src/ruby-3.0.0/ext/date'
checking ../.././parse.y and ../.././ext/ripper/eventids2.c
compiling ipsocket.c
installing default ripper libraries
compiling tcpsocket.c
compiling tcpserver.c
make[2]: Entering directory '/home/coder/.rvm/src/ruby-3.0.0/ext/syslog'
compiling syslog.c
compiling ossl_hmac.c
compiling sockssocket.c
compiling udpsocket.c
linking shared-object stringio.so
make[2]: Leaving directory '/home/coder/.rvm/src/ruby-3.0.0/ext/stringio'
compiling unixsocket.c
compiling unixserver.c
linking shared-object syslog.so
linking shared-object strscan.so
installing default syslog libraries
make[2]: Leaving directory '/home/coder/.rvm/src/ruby-3.0.0/ext/syslog'
make[2]: Leaving directory '/home/coder/.rvm/src/ruby-3.0.0/ext/strscan'
make[2]: Entering directory '/home/coder/.rvm/src/ruby-3.0.0/ext/zlib'
compiling zlib.c
make[2]: Entering directory '/home/coder/.rvm/src/ruby-3.0.0/ext/digest/bubblebabble'
compiling bubblebabble.c
compiling ossl_kdf.c
compiling option.c
compiling ancdata.c
linking shared-object digest/bubblebabble.so
compiling raddrinfo.c
compiling ifaddr.c
make[2]: Leaving directory '/home/coder/.rvm/src/ruby-3.0.0/ext/digest/bubblebabble'
make[2]: Entering directory '/home/coder/.rvm/src/ruby-3.0.0/ext/digest/md5'
compiling md5init.c
compiling md5.c
installing default socket libraries
compiling ossl_ns_spki.c
make[2]: Entering directory '/home/coder/.rvm/src/ruby-3.0.0/ext/digest/rmd160'
compiling rmd160init.c
linking shared-object digest/md5.so
compiling rmd160.c
make[2]: Leaving directory '/home/coder/.rvm/src/ruby-3.0.0/ext/digest/md5'
make[2]: Entering directory '/home/coder/.rvm/src/ruby-3.0.0/ext/digest/sha1'
compiling sha1init.c
compiling sha1.c
make[2]: Entering directory '/home/coder/.rvm/src/ruby-3.0.0/ext/digest/sha2'
compiling sha2init.c
compiling sha2.c
compiling ossl_ocsp.c
compiling ossl_pkcs12.c
linking shared-object digest/rmd160.so
make[2]: Leaving directory '/home/coder/.rvm/src/ruby-3.0.0/ext/digest/rmd160'
make[2]: Entering directory '/home/coder/.rvm/src/ruby-3.0.0/ext/json/generator'
compiling generator.c
linking shared-object digest/sha1.so
make[2]: Leaving directory '/home/coder/.rvm/src/ruby-3.0.0/ext/digest/sha1'
make[2]: Entering directory '/home/coder/.rvm/src/ruby-3.0.0/ext/json/parser'
compiling parser.c
linking shared-object digest/sha2.so
installing default sha2 libraries
make[2]: Leaving directory '/home/coder/.rvm/src/ruby-3.0.0/ext/digest/sha2'
compiling ossl_pkcs7.c
linking shared-object socket.so
compiling ossl_pkey.c
make[2]: Leaving directory '/home/coder/.rvm/src/ruby-3.0.0/ext/socket'
compiling ossl_pkey_dh.c
linking shared-object json/ext/parser.so
compiling ossl_pkey_dsa.c
make[2]: Leaving directory '/home/coder/.rvm/src/ruby-3.0.0/ext/json/parser'
compiling ossl_pkey_ec.c
compiling ossl_pkey_rsa.c
compiling ossl_rand.c
linking shared-object zlib.so
compiling ossl_ssl.c
make[2]: Leaving directory '/home/coder/.rvm/src/ruby-3.0.0/ext/zlib'
compiling ossl_ssl_session.c
compiling ossl_ts.c
linking shared-object json/ext/generator.so
compiling ossl_x509.c
make[2]: Leaving directory '/home/coder/.rvm/src/ruby-3.0.0/ext/json/generator'
compiling ossl_x509attr.c
compiling ossl_x509cert.c
compiling ossl_x509crl.c
compiling ossl_x509ext.c
compiling ossl_x509name.c
compiling ossl_x509req.c
compiling ossl_x509revoked.c
compiling ossl_x509store.c
linking shared-object openssl.so
make[2]: Leaving directory '/home/coder/.rvm/src/ruby-3.0.0/ext/openssl'
linking shared-object ripper.so
make[2]: Leaving directory '/home/coder/.rvm/src/ruby-3.0.0/ext/ripper'
make[2]: Entering directory '/home/coder/.rvm/src/ruby-3.0.0'
./revision.h unchanged
make[2]: Leaving directory '/home/coder/.rvm/src/ruby-3.0.0'
make[1]: Leaving directory '/home/coder/.rvm/src/ruby-3.0.0'
make[1]: Entering directory '/home/coder/.rvm/src/ruby-3.0.0'
*** Following extensions are not compiled:
dbm:
	Could not be configured. It will not be installed.
	Check ext/dbm/mkmf.log for more details.
*** Fix the problems, then remove these directories and try again if you want.
make[1]: Leaving directory '/home/coder/.rvm/src/ruby-3.0.0'
