[2021-04-27 04:33:32] __rvm_make
__rvm_make () 
{ 
    \make "$@" || return $?
}
current path: /home/coder/.rvm/src/ruby-2.3.3
GEM_PATH=/home/coder/.rvm/gems/ruby-3.0.0:/home/coder/.rvm/gems/ruby-3.0.0@global
GEM_HOME=/home/coder/.rvm/gems/ruby-3.0.0
PATH=/home/coder/.rvm/gems/ruby-3.0.0/bin:/home/coder/.rvm/gems/ruby-3.0.0@global/bin:/home/coder/.rvm/rubies/ruby-3.0.0/bin:/usr/local/sbin:/usr/local/bin:/usr/sbin:/usr/bin:/sbin:/bin:/home/coder/.rvm/bin
command(2): __rvm_make install
++ make install
generating x86_64-linux-fake.rb
x86_64-linux-fake.rb updated
	CC = gcc
	LD = ld
	LDSHARED = gcc -shared
	CFLAGS = -O3 -fno-fast-math -ggdb3 -Wall -Wextra -Wno-unused-parameter -Wno-parentheses -Wno-long-long -Wno-missing-field-initializers -Wunused-variable -Wpointer-arith -Wwrite-strings -Wdeclaration-after-statement -Wimplicit-function-declaration -Wdeprecated-declarations -Wno-packed-bitfield-compat -std=iso9899:1999  -fPIC 
	XCFLAGS = -D_FORTIFY_SOURCE=2 -fstack-protector -fno-strict-overflow -fvisibility=hidden -DRUBY_EXPORT
	CPPFLAGS =   -I. -I.ext/include/x86_64-linux -I./include -I.
	DLDFLAGS = -Wl,-soname,libruby.so.2.3  -fstack-protector  
	SOLIBS = -lpthread -lgmp -ldl -lcrypt -lm  
Using built-in specs.
COLLECT_GCC=gcc
COLLECT_LTO_WRAPPER=/usr/lib/gcc/x86_64-linux-gnu/8/lto-wrapper
OFFLOAD_TARGET_NAMES=nvptx-none
OFFLOAD_TARGET_DEFAULT=1
Target: x86_64-linux-gnu
Configured with: ../src/configure -v --with-pkgversion='Debian 8.3.0-6' --with-bugurl=file:///usr/share/doc/gcc-8/README.Bugs --enable-languages=c,ada,c++,go,brig,d,fortran,objc,obj-c++ --prefix=/usr --with-gcc-major-version-only --program-suffix=-8 --program-prefix=x86_64-linux-gnu- --enable-shared --enable-linker-build-id --libexecdir=/usr/lib --without-included-gettext --enable-threads=posix --libdir=/usr/lib --enable-nls --enable-bootstrap --enable-clocale=gnu --enable-libstdcxx-debug --enable-libstdcxx-time=yes --with-default-libstdcxx-abi=new --enable-gnu-unique-object --disable-vtable-verify --enable-libmpx --enable-plugin --enable-default-pie --with-system-zlib --with-target-system-zlib --enable-objc-gc=auto --enable-multiarch --disable-werror --with-arch-32=i686 --with-abi=m64 --with-multilib-list=m32,m64,mx32 --enable-multilib --with-tune=generic --enable-offload-targets=nvptx-none --without-cuda-driver --enable-checking=release --build=x86_64-linux-gnu --host=x86_64-linux-gnu --target=x86_64-linux-gnu
Thread model: posix
gcc version 8.3.0 (Debian 8.3.0-6) 
generating enc.mk
making srcs under enc
make[1]: Entering directory '/home/coder/.rvm/src/ruby-2.3.3'
make[1]: Nothing to be done for 'srcs'.
make[1]: Leaving directory '/home/coder/.rvm/src/ruby-2.3.3'
generating transdb.h
transdb.h unchanged
generating makefile exts.mk
Failed to configure dbm. It will not be installed.
configuring socket
Failed to configure tk. It will not be installed.
Failed to configure tk/tkutil. It will not be installed.
make[1]: Entering directory '/home/coder/.rvm/src/ruby-2.3.3'
make[2]: Entering directory '/home/coder/.rvm/src/ruby-2.3.3/ext/bigdecimal'
installing default bigdecimal libraries
make[2]: Leaving directory '/home/coder/.rvm/src/ruby-2.3.3/ext/bigdecimal'
make[2]: Entering directory '/home/coder/.rvm/src/ruby-2.3.3/ext/date'
installing default date_core libraries
make[2]: Leaving directory '/home/coder/.rvm/src/ruby-2.3.3/ext/date'
make[2]: Entering directory '/home/coder/.rvm/src/ruby-2.3.3/ext/dbm'
make[2]: Nothing to be done for 'all'.
make[2]: Leaving directory '/home/coder/.rvm/src/ruby-2.3.3/ext/dbm'
make[2]: Entering directory '/home/coder/.rvm/src/ruby-2.3.3/ext/digest'
installing digest libraries
installing default digest libraries
make[2]: Leaving directory '/home/coder/.rvm/src/ruby-2.3.3/ext/digest'
make[2]: Entering directory '/home/coder/.rvm/src/ruby-2.3.3/ext/digest/sha2'
installing default sha2 libraries
make[2]: Leaving directory '/home/coder/.rvm/src/ruby-2.3.3/ext/digest/sha2'
make[2]: Entering directory '/home/coder/.rvm/src/ruby-2.3.3/ext/fiddle'
installing default fiddle libraries
make[2]: Leaving directory '/home/coder/.rvm/src/ruby-2.3.3/ext/fiddle'
make[2]: Entering directory '/home/coder/.rvm/src/ruby-2.3.3/ext/io/console'
installing default console libraries
make[2]: Leaving directory '/home/coder/.rvm/src/ruby-2.3.3/ext/io/console'
make[2]: Entering directory '/home/coder/.rvm/src/ruby-2.3.3/ext/json'
installing default libraries
make[2]: Leaving directory '/home/coder/.rvm/src/ruby-2.3.3/ext/json'
make[2]: Entering directory '/home/coder/.rvm/src/ruby-2.3.3/ext/nkf'
installing default nkf libraries
make[2]: Leaving directory '/home/coder/.rvm/src/ruby-2.3.3/ext/nkf'
make[2]: Entering directory '/home/coder/.rvm/src/ruby-2.3.3/ext/openssl'
installing default openssl libraries
make[2]: Leaving directory '/home/coder/.rvm/src/ruby-2.3.3/ext/openssl'
make[2]: Entering directory '/home/coder/.rvm/src/ruby-2.3.3/ext/pathname'
installing default pathname libraries
make[2]: Leaving directory '/home/coder/.rvm/src/ruby-2.3.3/ext/pathname'
make[2]: Entering directory '/home/coder/.rvm/src/ruby-2.3.3/ext/psych'
installing default psych libraries
make[2]: Leaving directory '/home/coder/.rvm/src/ruby-2.3.3/ext/psych'
make[2]: Entering directory '/home/coder/.rvm/src/ruby-2.3.3/ext/pty'
installing default pty libraries
make[2]: Leaving directory '/home/coder/.rvm/src/ruby-2.3.3/ext/pty'
make[2]: Entering directory '/home/coder/.rvm/src/ruby-2.3.3/ext/ripper'
installing default ripper libraries
checking ../.././parse.y and ../.././ext/ripper/eventids2.c
make[2]: Leaving directory '/home/coder/.rvm/src/ruby-2.3.3/ext/ripper'
make[2]: Entering directory '/home/coder/.rvm/src/ruby-2.3.3/ext/socket'
linking shared-object socket.so
installing default socket libraries
make[2]: Leaving directory '/home/coder/.rvm/src/ruby-2.3.3/ext/socket'
make[2]: Entering directory '/home/coder/.rvm/src/ruby-2.3.3/ext/syslog'
installing default syslog libraries
make[2]: Leaving directory '/home/coder/.rvm/src/ruby-2.3.3/ext/syslog'
make[2]: Entering directory '/home/coder/.rvm/src/ruby-2.3.3/ext/tk'
make[2]: Nothing to be done for 'all'.
make[2]: Leaving directory '/home/coder/.rvm/src/ruby-2.3.3/ext/tk'
make[2]: Entering directory '/home/coder/.rvm/src/ruby-2.3.3/ext/tk/tkutil'
make[2]: Nothing to be done for 'all'.
make[2]: Leaving directory '/home/coder/.rvm/src/ruby-2.3.3/ext/tk/tkutil'
make[2]: Entering directory '/home/coder/.rvm/src/ruby-2.3.3'
make[2]: 'ruby' is up to date.
make[2]: Leaving directory '/home/coder/.rvm/src/ruby-2.3.3'
make[1]: Leaving directory '/home/coder/.rvm/src/ruby-2.3.3'
making enc
make[1]: Entering directory '/home/coder/.rvm/src/ruby-2.3.3'
make[1]: Nothing to be done for 'enc'.
make[1]: Leaving directory '/home/coder/.rvm/src/ruby-2.3.3'
making trans
make[1]: Entering directory '/home/coder/.rvm/src/ruby-2.3.3'
make[1]: Nothing to be done for './enc/trans'.
make[1]: Leaving directory '/home/coder/.rvm/src/ruby-2.3.3'
making encs
make[1]: Entering directory '/home/coder/.rvm/src/ruby-2.3.3'
make[1]: Leaving directory '/home/coder/.rvm/src/ruby-2.3.3'
./miniruby -I./lib -I. -I.ext/common  ./tool/runruby.rb --extout=.ext  -- --disable-gems -r./x86_64-linux-fake ./tool/rbinstall.rb --make="make" --dest-dir="" --extout=".ext" --mflags="" --make-flags="" --data-mode=0644 --prog-mode=0755 --installed-list .installed.list --mantype="doc"
installing binary commands:   /home/coder/.rvm/rubies/ruby-2.3.3/bin
installing base libraries:    /home/coder/.rvm/rubies/ruby-2.3.3/lib
installing arch files:        /home/coder/.rvm/rubies/ruby-2.3.3/lib/ruby/2.3.0/x86_64-linux
installing pkgconfig data:    /home/coder/.rvm/rubies/ruby-2.3.3/lib/pkgconfig
installing command scripts:   /home/coder/.rvm/rubies/ruby-2.3.3/bin
installing library scripts:   /home/coder/.rvm/rubies/ruby-2.3.3/lib/ruby/2.3.0
installing common headers:    /home/coder/.rvm/rubies/ruby-2.3.3/include/ruby-2.3.0
installing manpages:          /home/coder/.rvm/rubies/ruby-2.3.3/share/man/man1
installing extension objects: /home/coder/.rvm/rubies/ruby-2.3.3/lib/ruby/2.3.0/x86_64-linux
installing extension objects: /home/coder/.rvm/rubies/ruby-2.3.3/lib/ruby/site_ruby/2.3.0/x86_64-linux
installing extension objects: /home/coder/.rvm/rubies/ruby-2.3.3/lib/ruby/vendor_ruby/2.3.0/x86_64-linux
installing extension headers: /home/coder/.rvm/rubies/ruby-2.3.3/include/ruby-2.3.0/x86_64-linux
installing extension scripts: /home/coder/.rvm/rubies/ruby-2.3.3/lib/ruby/2.3.0
installing extension scripts: /home/coder/.rvm/rubies/ruby-2.3.3/lib/ruby/site_ruby/2.3.0
installing extension scripts: /home/coder/.rvm/rubies/ruby-2.3.3/lib/ruby/vendor_ruby/2.3.0
installing extension headers: /home/coder/.rvm/rubies/ruby-2.3.3/include/ruby-2.3.0/ruby
installing default gems:      /home/coder/.rvm/rubies/ruby-2.3.3/lib/ruby/gems/2.3.0 (build_info, cache, doc, extensions, gems, specifications)
                              bigdecimal 1.2.8
                              io-console 0.4.5
                              json 1.8.3
                              psych 2.1.0
                              rdoc 4.2.1
installing bundle gems:       /home/coder/.rvm/rubies/ruby-2.3.3/lib/ruby/gems/2.3.0 (build_info, cache, doc, extensions, gems, specifications)
                              minitest 5.8.5
                              net-telnet 0.1.1
                              rake 10.4.2
                              did_you_mean 1.0.0
                              test-unit 3.1.5
                              power_assert 0.2.6
