[2021-04-27 04:31:56] __rvm_post_configure_ruby
__rvm_post_configure_ruby () 
{ 
    __rvm_post_configure_ruby_fix_athlon_sse2;
    __rvm_post_configure_ruby_update_setup
}
current path: /home/coder/.rvm/src/ruby-2.3.3
GEM_PATH=/home/coder/.rvm/gems/ruby-3.0.0:/home/coder/.rvm/gems/ruby-3.0.0@global
GEM_HOME=/home/coder/.rvm/gems/ruby-3.0.0
PATH=/home/coder/.rvm/gems/ruby-3.0.0/bin:/home/coder/.rvm/gems/ruby-3.0.0@global/bin:/home/coder/.rvm/rubies/ruby-3.0.0/bin:/usr/local/sbin:/usr/local/bin:/usr/sbin:/usr/bin:/sbin:/bin:/home/coder/.rvm/bin
command(1): __rvm_post_configure_ruby
++ __rvm_post_configure_ruby_fix_athlon_sse2
++ [[ -f /proc/cpuinfo ]]
++ [[ -f Makefile ]]
++ __rvm_grep '^XCFLAGS = .*-msse2' Makefile
++ GREP_OPTIONS=
++ command grep '^XCFLAGS = .*-msse2' Makefile
++ grep '^XCFLAGS = .*-msse2' Makefile
++ return 1
++ __rvm_post_configure_ruby_update_setup
++ typeset option
++ ((  0 == 1  ))
