[2021-04-27 04:33:48] __rvm_package_extract
__rvm_package_extract () 
{ 
    rvm_debug __rvm_package_extract:$#: "$@";
    \typeset __extract_src __extract_target __tempdir __path __file __return;
    __extract_src="$1";
    __extract_target="$2";
    shift 2;
    __return=0;
    __tempdir="$( TMPDIR="${rvm_tmp_path}" mktemp -d -t rvm-tmp.XXXXXXXXX )";
    __rvm_package_extract_run "$__extract_src" "$__tempdir" "$@" || __return=$?;
    if (( __return == 0 )); then
        for __path in "$__tempdir"/*;
        do
            __file="${__path##*/}";
            if [[ -n "${__file}" && -e "$__extract_target/${__file}" ]]; then
                \command \rm -rf "$__extract_target/${__file}" || __return=$?;
            fi;
            \command \mv -f "${__path}" "$__extract_target/" || __return=$?;
        done;
    fi;
    if [[ -n "$__tempdir" ]]; then
        \command \rm -rf "$__tempdir";
    fi;
    return $__return
}
current path: /home/coder/.rvm/src/ruby-2.3.3
GEM_PATH=/home/coder/.rvm/gems/ruby-3.0.0:/home/coder/.rvm/gems/ruby-3.0.0@global
GEM_HOME=/home/coder/.rvm/gems/ruby-3.0.0
PATH=/home/coder/.rvm/gems/ruby-3.0.0/bin:/home/coder/.rvm/gems/ruby-3.0.0@global/bin:/home/coder/.rvm/rubies/ruby-3.0.0/bin:/usr/local/sbin:/usr/local/bin:/usr/sbin:/usr/bin:/sbin:/bin:/home/coder/.rvm/bin
command(3): __rvm_package_extract /home/coder/.rvm/archives/rubygems-3.0.9.tgz /home/coder/.rvm/src
++ rvm_debug __rvm_package_extract:2: /home/coder/.rvm/archives/rubygems-3.0.9.tgz /home/coder/.rvm/src
++ ((  0  ))
++ return 0
++ typeset __extract_src __extract_target __tempdir __path __file __return
++ __extract_src=/home/coder/.rvm/archives/rubygems-3.0.9.tgz
++ __extract_target=/home/coder/.rvm/src
++ shift 2
++ __return=0
+++ TMPDIR=/home/coder/.rvm/tmp
+++ mktemp -d -t rvm-tmp.XXXXXXXXX
++ __tempdir=/home/coder/.rvm/tmp/rvm-tmp.tIATpqjXF
++ __rvm_package_extract_run /home/coder/.rvm/archives/rubygems-3.0.9.tgz /home/coder/.rvm/tmp/rvm-tmp.tIATpqjXF
++ typeset __extract_run_src __extract_run_target __exclude_elements
++ __extract_run_src=/home/coder/.rvm/archives/rubygems-3.0.9.tgz
++ __extract_run_target=/home/coder/.rvm/tmp/rvm-tmp.tIATpqjXF
++ shift 2
++ __exclude_elements=()
++ [[    != *\ \-\-\n\o\-\s\a\m\e\-\o\w\n\e\r\ * ]]
++ __rvm_tar --help
++ __rvm_grep -- --no-same-owner
++ GREP_OPTIONS=
++ command grep -- --no-same-owner
++ grep -- --no-same-owner
++ rvm_tar_options=--no-same-owner
++ [[ -d /home/coder/.rvm/tmp/rvm-tmp.tIATpqjXF ]]
++ case "$__extract_run_src" in
++ __map_tar_excludes
++ typeset __exclude_element
++ [[ -n '' ]]
++ __rvm_tar -xzf /home/coder/.rvm/archives/rubygems-3.0.9.tgz -C /home/coder/.rvm/tmp/rvm-tmp.tIATpqjXF --no-same-owner
++ tar -xzf /home/coder/.rvm/archives/rubygems-3.0.9.tgz -C /home/coder/.rvm/tmp/rvm-tmp.tIATpqjXF --no-same-owner
++ __rvm_fix_group_permissions /home/coder/.rvm/tmp/rvm-tmp.tIATpqjXF/rubygems-3.0.9
++ umask -S
++ __rvm_grep g=rw
++ GREP_OPTIONS=
++ command grep g=rw
++ grep g=rw
++ return 1
++ ((  __return == 0  ))
++ for __path in "$__tempdir"/*
++ __file=rubygems-3.0.9
++ [[ -n rubygems-3.0.9 ]]
++ [[ -e /home/coder/.rvm/src/rubygems-3.0.9 ]]
++ command mv -f /home/coder/.rvm/tmp/rvm-tmp.tIATpqjXF/rubygems-3.0.9 /home/coder/.rvm/src/
++ mv -f /home/coder/.rvm/tmp/rvm-tmp.tIATpqjXF/rubygems-3.0.9 /home/coder/.rvm/src/
++ [[ -n /home/coder/.rvm/tmp/rvm-tmp.tIATpqjXF ]]
++ command rm -rf /home/coder/.rvm/tmp/rvm-tmp.tIATpqjXF
++ rm -rf /home/coder/.rvm/tmp/rvm-tmp.tIATpqjXF
++ return 0
